<?xml version="1.0" encoding="UTF-8"?>
<testsuite name="com.example.tripit.community.service.CommunityServiceTest" tests="1" skipped="0" failures="1" errors="0" timestamp="2024-07-21T09:27:35" hostname="0ui-MacBookPro.local" time="0.714">
  <properties/>
  <testcase name="deletePost()" classname="com.example.tripit.community.service.CommunityServiceTest" time="0.714">
    <failure message="java.lang.RuntimeException: Post not found" type="java.lang.RuntimeException">java.lang.RuntimeException: Post not found
	at com.example.tripit.community.service.CommunityService.lambda$deletePost$5(CommunityService.java:208)
	at java.base/java.util.Optional.orElseThrow(Optional.java:403)
	at com.example.tripit.community.service.CommunityService.deletePost(CommunityService.java:208)
	at com.example.tripit.community.service.CommunityServiceTest.deletePost(CommunityServiceTest.java:51)
	at java.base/java.lang.reflect.Method.invoke(Method.java:568)
	at java.base/java.util.ArrayList.forEach(ArrayList.java:1511)
	at java.base/java.util.ArrayList.forEach(ArrayList.java:1511)
</failure>
  </testcase>
  <system-out><![CDATA[18:27:29.496 [Test worker] INFO org.springframework.test.context.support.AnnotationConfigContextLoaderUtils -- Could not detect default configuration classes for test class [com.example.tripit.community.service.CommunityServiceTest]: CommunityServiceTest does not declare any static, non-private, non-final, nested classes annotated with @Configuration.
18:27:29.718 [Test worker] INFO org.springframework.boot.test.context.SpringBootTestContextBootstrapper -- Found @SpringBootConfiguration com.example.tripit.TripItApplication for test class com.example.tripit.community.service.CommunityServiceTest

  .   ____          _            __ _ _
 /\\ / ___'_ __ _ _(_)_ __  __ _ \ \ \ \
( ( )\___ | '_ | '_| | '_ \/ _` | \ \ \ \
 \\/  ___)| |_)| | | | | || (_| |  ) ) ) )
  '  |____| .__|_| |_|_| |_\__, | / / / /
 =========|_|==============|___/=/_/_/_/
 :: Spring Boot ::                (v3.2.5)

2024-07-21T18:27:30.217+09:00  INFO 8950 --- [trip-it] [    Test worker] c.e.t.c.service.CommunityServiceTest     : Starting CommunityServiceTest using Java 17.0.11 with PID 8950 (started by 0q in /Users/0q/Desktop/teamProject/trip-it 복사본 2)
2024-07-21T18:27:30.219+09:00  INFO 8950 --- [trip-it] [    Test worker] c.e.t.c.service.CommunityServiceTest     : No active profile set, falling back to 1 default profile: "default"
2024-07-21T18:27:31.055+09:00  INFO 8950 --- [trip-it] [    Test worker] .s.d.r.c.RepositoryConfigurationDelegate : Bootstrapping Spring Data JPA repositories in DEFAULT mode.
2024-07-21T18:27:31.157+09:00  INFO 8950 --- [trip-it] [    Test worker] .s.d.r.c.RepositoryConfigurationDelegate : Finished Spring Data repository scanning in 92 ms. Found 9 JPA repository interfaces.
2024-07-21T18:27:31.700+09:00  INFO 8950 --- [trip-it] [    Test worker] o.hibernate.jpa.internal.util.LogHelper  : HHH000204: Processing PersistenceUnitInfo [name: default]
2024-07-21T18:27:31.770+09:00  INFO 8950 --- [trip-it] [    Test worker] org.hibernate.Version                    : HHH000412: Hibernate ORM core version 6.4.4.Final
2024-07-21T18:27:31.809+09:00  INFO 8950 --- [trip-it] [    Test worker] o.h.c.internal.RegionFactoryInitiator    : HHH000026: Second-level cache disabled
2024-07-21T18:27:32.081+09:00  INFO 8950 --- [trip-it] [    Test worker] o.s.o.j.p.SpringPersistenceUnitInfo      : No LoadTimeWeaver setup: ignoring JPA class transformer
2024-07-21T18:27:32.113+09:00  INFO 8950 --- [trip-it] [    Test worker] com.zaxxer.hikari.HikariDataSource       : HikariPool-1 - Starting...
2024-07-21T18:27:32.208+09:00  INFO 8950 --- [trip-it] [    Test worker] com.zaxxer.hikari.pool.HikariPool        : HikariPool-1 - Added connection org.mariadb.jdbc.Connection@60a4e619
2024-07-21T18:27:32.210+09:00  INFO 8950 --- [trip-it] [    Test worker] com.zaxxer.hikari.HikariDataSource       : HikariPool-1 - Start completed.
2024-07-21T18:27:33.314+09:00  INFO 8950 --- [trip-it] [    Test worker] o.h.e.t.j.p.i.JtaPlatformInitiator       : HHH000489: No JTA platform available (set 'hibernate.transaction.jta.platform' to enable JTA platform integration)
2024-07-21T18:27:33.318+09:00  INFO 8950 --- [trip-it] [    Test worker] j.LocalContainerEntityManagerFactoryBean : Initialized JPA EntityManagerFactory for persistence unit 'default'
2024-07-21T18:27:33.771+09:00  INFO 8950 --- [trip-it] [    Test worker] o.s.d.j.r.query.QueryEnhancerFactory     : Hibernate is in classpath; If applicable, HQL parser will be used.
2024-07-21T18:27:34.927+09:00  WARN 8950 --- [trip-it] [    Test worker] JpaBaseConfiguration$JpaWebConfiguration : spring.jpa.open-in-view is enabled by default. Therefore, database queries may be performed during view rendering. Explicitly configure spring.jpa.open-in-view to disable this warning
2024-07-21T18:27:35.302+09:00  INFO 8950 --- [trip-it] [    Test worker] o.s.s.web.DefaultSecurityFilterChain     : Will secure any request with [org.springframework.security.web.session.DisableEncodeUrlFilter@73cb4016, org.springframework.security.web.context.request.async.WebAsyncManagerIntegrationFilter@64a768e7, org.springframework.security.web.context.SecurityContextHolderFilter@740639ba, org.springframework.security.web.header.HeaderWriterFilter@481b276c, org.springframework.web.filter.CorsFilter@26ed4e27, org.springframework.security.web.authentication.logout.LogoutFilter@3a4999fe, org.springframework.security.oauth2.client.web.OAuth2AuthorizationRequestRedirectFilter@4ad3f3d, org.springframework.security.oauth2.client.web.OAuth2LoginAuthenticationFilter@48f7dbe0, com.example.tripit.user.jwt.JWTFilter@413e4756, com.example.tripit.user.jwt.LoginFilter@68dc6497, org.springframework.security.web.authentication.ui.DefaultLoginPageGeneratingFilter@34e10162, org.springframework.security.web.authentication.ui.DefaultLogoutPageGeneratingFilter@3763c93b, org.springframework.security.web.savedrequest.RequestCacheAwareFilter@563d89de, org.springframework.security.web.servletapi.SecurityContextHolderAwareRequestFilter@2775dd2e, org.springframework.security.web.authentication.AnonymousAuthenticationFilter@7bb33586, org.springframework.security.web.session.SessionManagementFilter@2dec97ea, org.springframework.security.web.access.ExceptionTranslationFilter@20f8bc45, org.springframework.security.web.access.intercept.AuthorizationFilter@38d5f5d5]
2024-07-21T18:27:35.620+09:00  INFO 8950 --- [trip-it] [    Test worker] o.s.m.s.b.SimpleBrokerMessageHandler     : Starting...
2024-07-21T18:27:35.622+09:00  INFO 8950 --- [trip-it] [    Test worker] o.s.m.s.b.SimpleBrokerMessageHandler     : BrokerAvailabilityEvent[available=true, SimpleBrokerMessageHandler [org.springframework.messaging.simp.broker.DefaultSubscriptionRegistry@48a26095]]
2024-07-21T18:27:35.623+09:00  INFO 8950 --- [trip-it] [    Test worker] o.s.m.s.b.SimpleBrokerMessageHandler     : Started.
2024-07-21T18:27:35.641+09:00  INFO 8950 --- [trip-it] [    Test worker] c.e.t.c.service.CommunityServiceTest     : Started CommunityServiceTest in 5.694 seconds (process running for 7.159)
]]></system-out>
  <system-err><![CDATA[]]></system-err>
</testsuite>
